E:\CPP LEARNING\2012\HOMEWORK_MOOC2-2\HOMEWORK1\DEBUG\HOMEWORK1.OBJ
E:\CPP LEARNING\2012\HOMEWORK_MOOC2-2\HOMEWORK1\DEBUG\VC110.PDB
E:\CPP LEARNING\2012\HOMEWORK_MOOC2-2\DEBUG\HOMEWORK1.ILK
E:\CPP LEARNING\2012\HOMEWORK_MOOC2-2\DEBUG\HOMEWORK1.EXE
E:\CPP LEARNING\2012\HOMEWORK_MOOC2-2\DEBUG\HOMEWORK1.PDB
E:\Cpp Learning\2012\HomeWork_mooc2-2\homework1\Debug\homework1.obj
E:\Cpp Learning\2012\HomeWork_mooc2-2\homework1\Debug\cl.command.1.tlog
E:\Cpp Learning\2012\HomeWork_mooc2-2\homework1\Debug\CL.read.1.tlog
E:\Cpp Learning\2012\HomeWork_mooc2-2\homework1\Debug\CL.write.1.tlog
E:\Cpp Learning\2012\HomeWork_mooc2-2\homework1\Debug\link-cvtres.read.1.tlog
E:\Cpp Learning\2012\HomeWork_mooc2-2\homework1\Debug\link-cvtres.write.1.tlog
E:\Cpp Learning\2012\HomeWork_mooc2-2\homework1\Debug\link-rc.read.1.tlog
E:\Cpp Learning\2012\HomeWork_mooc2-2\homework1\Debug\link-rc.write.1.tlog
E:\Cpp Learning\2012\HomeWork_mooc2-2\homework1\Debug\link.command.1.tlog
E:\Cpp Learning\2012\HomeWork_mooc2-2\homework1\Debug\link.read.1.tlog
E:\Cpp Learning\2012\HomeWork_mooc2-2\homework1\Debug\link.write.1.tlog
E:\Cpp Learning\2012\HomeWork_mooc2-2\homework1\Debug\vc110.idb
E:\Cpp Learning\2012\HomeWork_mooc2-2\homework1\Debug\vc110.pdb
E:\Cpp Learning\2012\HomeWork_mooc2-2\Debug\homework1.pdb
E:\Cpp Learning\2012\HomeWork_mooc2-2\Debug\homework1.exe
E:\Cpp Learning\2012\HomeWork_mooc2-2\Debug\homework1.ilk
